[0.683s] Invoking command in '/home/henry/2d_slam_rebuild/my_package': PYTHONPATH=/home/henry/2d_slam_rebuild/build/my_package/prefix_override:/usr/lib/python3/dist-packages/colcon_core/task/python/colcon_distutils_commands:/home/henry/2d_slam_rebuild/install/my_package/lib/python3.10/site-packages:${PYTHONPATH} /usr/bin/python3 -W ignore:setup.py install is deprecated -W ignore:easy_install command is deprecated setup.py egg_info --egg-base ../build/my_package build --build-base /home/henry/2d_slam_rebuild/build/my_package/build install --record /home/henry/2d_slam_rebuild/build/my_package/install.log --single-version-externally-managed install_data
[0.893s] running egg_info
[0.894s] creating ../build/my_package/my_package.egg-info
[0.894s] writing ../build/my_package/my_package.egg-info/PKG-INFO
[0.894s] writing dependency_links to ../build/my_package/my_package.egg-info/dependency_links.txt
[0.894s] writing entry points to ../build/my_package/my_package.egg-info/entry_points.txt
[0.894s] writing requirements to ../build/my_package/my_package.egg-info/requires.txt
[0.894s] writing top-level names to ../build/my_package/my_package.egg-info/top_level.txt
[0.894s] writing manifest file '../build/my_package/my_package.egg-info/SOURCES.txt'
[0.896s] reading manifest file '../build/my_package/my_package.egg-info/SOURCES.txt'
[0.897s] adding license file 'LICENSE'
[0.897s] writing manifest file '../build/my_package/my_package.egg-info/SOURCES.txt'
[0.897s] running build
[0.897s] running build_py
[0.897s] creating /home/henry/2d_slam_rebuild/build/my_package/build
[0.897s] creating /home/henry/2d_slam_rebuild/build/my_package/build/lib
[0.897s] creating /home/henry/2d_slam_rebuild/build/my_package/build/lib/my_package
[0.897s] copying my_package/my_node.py -> /home/henry/2d_slam_rebuild/build/my_package/build/lib/my_package
[0.898s] copying my_package/__init__.py -> /home/henry/2d_slam_rebuild/build/my_package/build/lib/my_package
[0.898s] running install
[0.898s] running install_lib
[0.898s] creating /home/henry/2d_slam_rebuild/install/my_package/lib/python3.10/site-packages/my_package
[0.898s] copying /home/henry/2d_slam_rebuild/build/my_package/build/lib/my_package/my_node.py -> /home/henry/2d_slam_rebuild/install/my_package/lib/python3.10/site-packages/my_package
[0.899s] copying /home/henry/2d_slam_rebuild/build/my_package/build/lib/my_package/__init__.py -> /home/henry/2d_slam_rebuild/install/my_package/lib/python3.10/site-packages/my_package
[0.899s] byte-compiling /home/henry/2d_slam_rebuild/install/my_package/lib/python3.10/site-packages/my_package/my_node.py to my_node.cpython-310.pyc
[0.899s] byte-compiling /home/henry/2d_slam_rebuild/install/my_package/lib/python3.10/site-packages/my_package/__init__.py to __init__.cpython-310.pyc
[0.899s] running install_data
[0.899s] creating /home/henry/2d_slam_rebuild/install/my_package/share/ament_index
[0.899s] creating /home/henry/2d_slam_rebuild/install/my_package/share/ament_index/resource_index
[0.899s] creating /home/henry/2d_slam_rebuild/install/my_package/share/ament_index/resource_index/packages
[0.899s] copying resource/my_package -> /home/henry/2d_slam_rebuild/install/my_package/share/ament_index/resource_index/packages
[0.900s] copying package.xml -> /home/henry/2d_slam_rebuild/install/my_package/share/my_package
[0.900s] running install_egg_info
[0.901s] Copying ../build/my_package/my_package.egg-info to /home/henry/2d_slam_rebuild/install/my_package/lib/python3.10/site-packages/my_package-0.0.0-py3.10.egg-info
[0.902s] running install_scripts
[0.921s] Installing my_node script to /home/henry/2d_slam_rebuild/install/my_package/lib/my_package
[0.921s] writing list of installed files to '/home/henry/2d_slam_rebuild/build/my_package/install.log'
[0.944s] Invoked command in '/home/henry/2d_slam_rebuild/my_package' returned '0': PYTHONPATH=/home/henry/2d_slam_rebuild/build/my_package/prefix_override:/usr/lib/python3/dist-packages/colcon_core/task/python/colcon_distutils_commands:/home/henry/2d_slam_rebuild/install/my_package/lib/python3.10/site-packages:${PYTHONPATH} /usr/bin/python3 -W ignore:setup.py install is deprecated -W ignore:easy_install command is deprecated setup.py egg_info --egg-base ../build/my_package build --build-base /home/henry/2d_slam_rebuild/build/my_package/build install --record /home/henry/2d_slam_rebuild/build/my_package/install.log --single-version-externally-managed install_data
